{"context":{"db":"dreamday","host":"localhost"},"env":"development","level":"info","message":"MongoDB conectado exitosamente","service":"backend","timestamp":"2026-02-27T08:21:24.407-06:00"}
{"context":{"env":"development","node":"v24.13.1","port":"5000"},"env":"development","level":"info","message":"Servidor Dream Day iniciado","service":"backend","timestamp":"2026-02-27T08:21:24.410-06:00"}
{"context":{"total":5},"correlationId":"req-96993b55-d783-43fc-b328-92db4b6f0d7e","env":"development","level":"info","message":"Categorias consultadas","service":"backend","timestamp":"2026-02-27T08:21:45.910-06:00"}
{"correlationId":"req-96993b55-d783-43fc-b328-92db4b6f0d7e","env":"development","level":"info","message":"Request completado","method":"GET","path":"/api/categorias","responseTimeMs":11,"service":"backend","status":200,"timestamp":"2026-02-27T08:21:45.913-06:00","userAgent":"curl/8.5.0","userId":null}
{"context":{"total":5},"correlationId":"req-4f929d02-24b7-47ad-b7b4-0825e5f0d154","env":"development","level":"info","message":"Categorias consultadas","service":"backend","timestamp":"2026-02-27T08:21:46.121-06:00"}
{"correlationId":"req-4f929d02-24b7-47ad-b7b4-0825e5f0d154","env":"development","level":"info","message":"Request completado","method":"GET","path":"/api/categorias","responseTimeMs":3,"service":"backend","status":200,"timestamp":"2026-02-27T08:21:46.122-06:00","userAgent":"curl/8.5.0","userId":null}
{"context":{"total":5},"correlationId":"req-2552565e-0a90-4ce6-bc70-bb4a4c0c35be","env":"development","level":"info","message":"Categorias consultadas","service":"backend","timestamp":"2026-02-27T08:21:46.330-06:00"}
{"correlationId":"req-2552565e-0a90-4ce6-bc70-bb4a4c0c35be","env":"development","level":"info","message":"Request completado","method":"GET","path":"/api/categorias","responseTimeMs":2,"service":"backend","status":200,"timestamp":"2026-02-27T08:21:46.330-06:00","userAgent":"curl/8.5.0","userId":null}
{"context":{"total":5},"correlationId":"req-b0aa3be8-09c2-4bb5-a872-8c466339a193","env":"development","level":"info","message":"Categorias consultadas","service":"backend","timestamp":"2026-02-27T08:21:46.537-06:00"}
{"correlationId":"req-b0aa3be8-09c2-4bb5-a872-8c466339a193","env":"development","level":"info","message":"Request completado","method":"GET","path":"/api/categorias","responseTimeMs":2,"service":"backend","status":200,"timestamp":"2026-02-27T08:21:46.537-06:00","userAgent":"curl/8.5.0","userId":null}
{"context":{"total":5},"correlationId":"req-ef747e4a-1d46-4227-a279-c10640a54d45","env":"development","level":"info","message":"Categorias consultadas","service":"backend","timestamp":"2026-02-27T08:21:46.744-06:00"}
{"correlationId":"req-ef747e4a-1d46-4227-a279-c10640a54d45","env":"development","level":"info","message":"Request completado","method":"GET","path":"/api/categorias","responseTimeMs":2,"service":"backend","status":200,"timestamp":"2026-02-27T08:21:46.744-06:00","userAgent":"curl/8.5.0","userId":null}
{"context":{"total":5},"correlationId":"req-c2d145c4-96e3-4393-887e-09a335a7fd3e","env":"development","level":"info","message":"Categorias consultadas","service":"backend","timestamp":"2026-02-27T08:21:46.952-06:00"}
{"correlationId":"req-c2d145c4-96e3-4393-887e-09a335a7fd3e","env":"development","level":"info","message":"Request completado","method":"GET","path":"/api/categorias","responseTimeMs":3,"service":"backend","status":200,"timestamp":"2026-02-27T08:21:46.953-06:00","userAgent":"curl/8.5.0","userId":null}
{"context":{"total":5},"correlationId":"req-d25a38bd-86cd-4a49-a8a1-cab2f4f3e774","env":"development","level":"info","message":"Categorias consultadas","service":"backend","timestamp":"2026-02-27T08:21:47.161-06:00"}
{"correlationId":"req-d25a38bd-86cd-4a49-a8a1-cab2f4f3e774","env":"development","level":"info","message":"Request completado","method":"GET","path":"/api/categorias","responseTimeMs":3,"service":"backend","status":200,"timestamp":"2026-02-27T08:21:47.162-06:00","userAgent":"curl/8.5.0","userId":null}
{"context":{"total":5},"correlationId":"req-8a3d3b62-2662-4974-a9e0-0899bc7eafae","env":"development","level":"info","message":"Categorias consultadas","service":"backend","timestamp":"2026-02-27T08:21:47.369-06:00"}
{"correlationId":"req-8a3d3b62-2662-4974-a9e0-0899bc7eafae","env":"development","level":"info","message":"Request completado","method":"GET","path":"/api/categorias","responseTimeMs":2,"service":"backend","status":200,"timestamp":"2026-02-27T08:21:47.369-06:00","userAgent":"curl/8.5.0","userId":null}
{"context":{"buscar":null,"categoria":"todas","total":57},"correlationId":"req-b02345a3-a63d-4227-a66f-e93f87a8628f","env":"development","level":"info","message":"Servicios consultados","service":"backend","timestamp":"2026-02-27T08:21:47.593-06:00"}
{"correlationId":"req-b02345a3-a63d-4227-a66f-e93f87a8628f","env":"development","level":"info","message":"Request completado","method":"GET","path":"/api/servicios","responseTimeMs":19,"service":"backend","status":200,"timestamp":"2026-02-27T08:21:47.594-06:00","userAgent":"curl/8.5.0","userId":null}
{"context":{"buscar":null,"categoria":"todas","total":57},"correlationId":"req-285a2dab-cba1-4ddf-93cf-28532efcff61","env":"development","level":"info","message":"Servicios consultados","service":"backend","timestamp":"2026-02-27T08:21:47.810-06:00"}
{"correlationId":"req-285a2dab-cba1-4ddf-93cf-28532efcff61","env":"development","level":"info","message":"Request completado","method":"GET","path":"/api/servicios","responseTimeMs":10,"service":"backend","status":200,"timestamp":"2026-02-27T08:21:47.811-06:00","userAgent":"curl/8.5.0","userId":null}
{"context":{"buscar":null,"categoria":"todas","total":57},"correlationId":"req-5e4d72db-5298-411b-9f98-66331cabcc1a","env":"development","level":"info","message":"Servicios consultados","service":"backend","timestamp":"2026-02-27T08:21:48.023-06:00"}
{"correlationId":"req-5e4d72db-5298-411b-9f98-66331cabcc1a","env":"development","level":"info","message":"Request completado","method":"GET","path":"/api/servicios","responseTimeMs":6,"service":"backend","status":200,"timestamp":"2026-02-27T08:21:48.024-06:00","userAgent":"curl/8.5.0","userId":null}
{"context":{"buscar":null,"categoria":"todas","total":57},"correlationId":"req-39ef3028-94d6-4dad-9606-c7de4f1fe0ae","env":"development","level":"info","message":"Servicios consultados","service":"backend","timestamp":"2026-02-27T08:21:48.237-06:00"}
{"correlationId":"req-39ef3028-94d6-4dad-9606-c7de4f1fe0ae","env":"development","level":"info","message":"Request completado","method":"GET","path":"/api/servicios","responseTimeMs":9,"service":"backend","status":200,"timestamp":"2026-02-27T08:21:48.239-06:00","userAgent":"curl/8.5.0","userId":null}
{"context":{"buscar":null,"categoria":"todas","total":57},"correlationId":"req-bc05ff7d-a3ac-46b3-ace2-dd4e62687c74","env":"development","level":"info","message":"Servicios consultados","service":"backend","timestamp":"2026-02-27T08:21:48.449-06:00"}
{"correlationId":"req-bc05ff7d-a3ac-46b3-ace2-dd4e62687c74","env":"development","level":"info","message":"Request completado","method":"GET","path":"/api/servicios","responseTimeMs":6,"service":"backend","status":200,"timestamp":"2026-02-27T08:21:48.450-06:00","userAgent":"curl/8.5.0","userId":null}
{"context":{"buscar":null,"categoria":"todas","total":57},"correlationId":"req-6ef3d840-58be-43fe-ad52-88009eddab4d","env":"development","level":"info","message":"Servicios consultados","service":"backend","timestamp":"2026-02-27T08:21:48.660-06:00"}
{"correlationId":"req-6ef3d840-58be-43fe-ad52-88009eddab4d","env":"development","level":"info","message":"Request completado","method":"GET","path":"/api/servicios","responseTimeMs":5,"service":"backend","status":200,"timestamp":"2026-02-27T08:21:48.661-06:00","userAgent":"curl/8.5.0","userId":null}
{"context":{"buscar":null,"categoria":"todas","total":57},"correlationId":"req-9994cc91-c0f8-4d20-9e9c-e1dc8c0aa3b2","env":"development","level":"info","message":"Servicios consultados","service":"backend","timestamp":"2026-02-27T08:21:48.871-06:00"}
{"correlationId":"req-9994cc91-c0f8-4d20-9e9c-e1dc8c0aa3b2","env":"development","level":"info","message":"Request completado","method":"GET","path":"/api/servicios","responseTimeMs":6,"service":"backend","status":200,"timestamp":"2026-02-27T08:21:48.872-06:00","userAgent":"curl/8.5.0","userId":null}
{"context":{"buscar":null,"categoria":"todas","total":57},"correlationId":"req-b6e82afb-422f-4638-b24f-3d910a4ace5a","env":"development","level":"info","message":"Servicios consultados","service":"backend","timestamp":"2026-02-27T08:21:49.088-06:00"}
{"correlationId":"req-b6e82afb-422f-4638-b24f-3d910a4ace5a","env":"development","level":"info","message":"Request completado","method":"GET","path":"/api/servicios","responseTimeMs":11,"service":"backend","status":200,"timestamp":"2026-02-27T08:21:49.090-06:00","userAgent":"curl/8.5.0","userId":null}
{"context":{"anio":2026,"mes":3},"correlationId":"req-26ae371c-1d1d-429a-bbd5-49a63d7bd578","env":"development","level":"info","message":"Calendario consultado","service":"backend","timestamp":"2026-02-27T08:21:49.308-06:00"}
{"correlationId":"req-26ae371c-1d1d-429a-bbd5-49a63d7bd578","env":"development","level":"info","message":"Request completado","method":"GET","path":"/api/disponibilidad/mes?anio=2026&mes=3","responseTimeMs":10,"service":"backend","status":200,"timestamp":"2026-02-27T08:21:49.308-06:00","userAgent":"curl/8.5.0","userId":null}
{"context":{"anio":2026,"mes":3},"correlationId":"req-5a5a7f77-8ec2-4211-af07-73ee165a81b1","env":"development","level":"info","message":"Calendario consultado","service":"backend","timestamp":"2026-02-27T08:21:49.517-06:00"}
{"correlationId":"req-5a5a7f77-8ec2-4211-af07-73ee165a81b1","env":"development","level":"info","message":"Request completado","method":"GET","path":"/api/disponibilidad/mes?anio=2026&mes=3","responseTimeMs":3,"service":"backend","status":200,"timestamp":"2026-02-27T08:21:49.517-06:00","userAgent":"curl/8.5.0","userId":null}
{"context":{"anio":2026,"mes":3},"correlationId":"req-6479e756-f328-48ba-b31a-63479d4f49bb","env":"development","level":"info","message":"Calendario consultado","service":"backend","timestamp":"2026-02-27T08:21:49.725-06:00"}
{"correlationId":"req-6479e756-f328-48ba-b31a-63479d4f49bb","env":"development","level":"info","message":"Request completado","method":"GET","path":"/api/disponibilidad/mes?anio=2026&mes=3","responseTimeMs":2,"service":"backend","status":200,"timestamp":"2026-02-27T08:21:49.725-06:00","userAgent":"curl/8.5.0","userId":null}
{"context":{"anio":2026,"mes":3},"correlationId":"req-a0e93d67-a6a6-405d-a1e6-c2c0609b2702","env":"development","level":"info","message":"Calendario consultado","service":"backend","timestamp":"2026-02-27T08:21:49.932-06:00"}
{"correlationId":"req-a0e93d67-a6a6-405d-a1e6-c2c0609b2702","env":"development","level":"info","message":"Request completado","method":"GET","path":"/api/disponibilidad/mes?anio=2026&mes=3","responseTimeMs":2,"service":"backend","status":200,"timestamp":"2026-02-27T08:21:49.932-06:00","userAgent":"curl/8.5.0","userId":null}
{"correlationId":"req-1ab9626c-e8b4-4746-ac99-5818a8a2fc74","env":"development","level":"info","message":"Request completado","method":"GET","path":"/api/health","responseTimeMs":1,"service":"backend","status":200,"timestamp":"2026-02-27T08:21:50.139-06:00","userAgent":"curl/8.5.0","userId":null}
{"correlationId":"req-754d1b88-7920-4fd9-aacd-115791849f0c","env":"development","level":"info","message":"Request completado","method":"GET","path":"/api/health","responseTimeMs":0,"service":"backend","status":200,"timestamp":"2026-02-27T08:21:50.345-06:00","userAgent":"curl/8.5.0","userId":null}
{"correlationId":"req-336d9c1f-c22f-47f4-b57f-4985bd481ec2","env":"development","level":"info","message":"Request completado","method":"GET","path":"/api/health","responseTimeMs":0,"service":"backend","status":200,"timestamp":"2026-02-27T08:21:50.551-06:00","userAgent":"curl/8.5.0","userId":null}
{"correlationId":"req-c11b0587-3b61-4b65-a1c1-9611faef45be","env":"development","level":"info","message":"Request completado","method":"GET","path":"/api/health","responseTimeMs":0,"service":"backend","status":200,"timestamp":"2026-02-27T08:21:50.757-06:00","userAgent":"curl/8.5.0","userId":null}
{"correlationId":"req-28099d89-092e-4399-b680-3e6026e9cd6c","env":"development","level":"info","message":"Request completado","method":"GET","path":"/api/health","responseTimeMs":0,"service":"backend","status":200,"timestamp":"2026-02-27T08:21:50.963-06:00","userAgent":"curl/8.5.0","userId":null}
{"correlationId":"req-8a77b512-c4cc-4126-8101-4529590595d2","env":"development","level":"warn","message":"Request fallido (client error)","method":"GET","path":"/api/servicios/000000000000000000000099","responseTimeMs":7,"service":"backend","status":404,"timestamp":"2026-02-27T08:21:51.176-06:00","userAgent":"curl/8.5.0","userId":null}
{"correlationId":"req-30c82f42-1beb-4fdb-a92c-75fc21394c86","env":"development","level":"warn","message":"Request fallido (client error)","method":"POST","path":"/api/cotizaciones","responseTimeMs":0,"service":"backend","status":400,"timestamp":"2026-02-27T08:21:51.490-06:00","userAgent":"curl/8.5.0","userId":null}
{"correlationId":"req-c0021294-b7c7-4e5c-b9db-d0739e5abc3f","env":"development","level":"warn","message":"Request fallido (client error)","method":"POST","path":"/api/cotizaciones","responseTimeMs":1,"service":"backend","status":400,"timestamp":"2026-02-27T08:21:51.798-06:00","userAgent":"curl/8.5.0","userId":null}
{"correlationId":"req-b7cb92e5-a8a2-430b-9557-3a961f30eaa9","env":"development","level":"warn","message":"Request fallido (client error)","method":"GET","path":"/api/admin/cotizaciones","responseTimeMs":1,"service":"backend","status":401,"timestamp":"2026-02-27T08:21:52.105-06:00","userAgent":"curl/8.5.0","userId":null}
{"context":{"email":"admin@dreamday.mx"},"correlationId":"req-c96f8e69-2c58-4a1c-845d-8b4d00c8cc60","env":"development","level":"warn","message":"Intento de login fallido: contrasena incorrecta","service":"backend","timestamp":"2026-02-27T08:21:52.460-06:00"}
{"correlationId":"req-c96f8e69-2c58-4a1c-845d-8b4d00c8cc60","env":"development","level":"warn","message":"Request fallido (client error)","method":"POST","path":"/api/auth/login","responseTimeMs":49,"service":"backend","status":401,"timestamp":"2026-02-27T08:21:52.460-06:00","userAgent":"curl/8.5.0","userId":null}
{"correlationId":"req-b09db7e5-f343-4eb8-9174-d5fe09abed4d","env":"development","level":"warn","message":"Request fallido (client error)","method":"GET","path":"/api/ruta-inexistente","responseTimeMs":0,"service":"backend","status":404,"timestamp":"2026-02-27T08:21:52.766-06:00","userAgent":"curl/8.5.0","userId":null}
{"context":{"email":"admin@dreamday.mx","rol":"superadmin"},"correlationId":"req-9081ac88-fc25-45a9-b8a5-ca2fac30a042","env":"development","level":"info","message":"Login exitoso","service":"backend","timestamp":"2026-02-27T08:21:53.130-06:00"}
{"correlationId":"req-9081ac88-fc25-45a9-b8a5-ca2fac30a042","env":"development","level":"info","message":"Request completado","method":"POST","path":"/api/auth/login","responseTimeMs":59,"service":"backend","status":200,"timestamp":"2026-02-27T08:21:53.131-06:00","userAgent":"curl/8.5.0","userId":null}
{"context":{"buscar":null,"categoria":"todas","total":57},"correlationId":"req-307a8306-ef0a-480e-8d4c-921e034faf23","env":"development","level":"info","message":"Servicios consultados","service":"backend","timestamp":"2026-02-27T08:21:53.445-06:00"}
{"correlationId":"req-307a8306-ef0a-480e-8d4c-921e034faf23","env":"development","level":"info","message":"Request completado","method":"GET","path":"/api/servicios","responseTimeMs":8,"service":"backend","status":200,"timestamp":"2026-02-27T08:21:53.446-06:00","userAgent":"curl/8.5.0","userId":null}
{"context":{"cliente":"maria@test.com","codigo":"DD2602-H5HN","fecha":"2026-04-20","servicios":1},"correlationId":"req-acee3aa4-cf2b-4f51-ae10-46c33d2daceb","env":"development","level":"info","message":"Cotizacion creada","service":"backend","timestamp":"2026-02-27T08:21:53.466-06:00"}
{"correlationId":"req-acee3aa4-cf2b-4f51-ae10-46c33d2daceb","env":"development","level":"info","message":"Request completado","method":"POST","path":"/api/cotizaciones","responseTimeMs":14,"service":"backend","status":201,"timestamp":"2026-02-27T08:21:53.466-06:00","userAgent":"curl/8.5.0","userId":null}
{"context":{"cliente":"juan@test.com","codigo":"DD2602-Q2QD","fecha":"2026-05-10","servicios":1},"correlationId":"req-fbbe0ff8-83fe-4188-b712-2ad4a064c676","env":"development","level":"info","message":"Cotizacion creada","service":"backend","timestamp":"2026-02-27T08:21:53.779-06:00"}
{"correlationId":"req-fbbe0ff8-83fe-4188-b712-2ad4a064c676","env":"development","level":"info","message":"Request completado","method":"POST","path":"/api/cotizaciones","responseTimeMs":4,"service":"backend","status":201,"timestamp":"2026-02-27T08:21:53.779-06:00","userAgent":"curl/8.5.0","userId":null}
{"correlationId":"req-1aa45a08-e8b3-4b2e-a211-b6fbf104bebe","env":"development","level":"warn","message":"Request fallido (client error)","method":"PATCH","path":"/api/admin/cotizaciones/","responseTimeMs":2,"service":"backend","status":404,"timestamp":"2026-02-27T08:21:54.092-06:00","userAgent":"curl/8.5.0","userId":"699e32fc04596633b72aeb40"}
{"correlationId":"req-bafda56f-3fe8-42cd-a998-1cef03c929f5","env":"development","level":"warn","message":"Request fallido (client error)","method":"PATCH","path":"/api/admin/cotizaciones/","responseTimeMs":2,"service":"backend","status":404,"timestamp":"2026-02-27T08:21:54.400-06:00","userAgent":"curl/8.5.0","userId":"699e32fc04596633b72aeb40"}
{"correlationId":"req-c126d965-f202-400a-8b19-2190874e3ec4","env":"development","level":"warn","message":"Request fallido (client error)","method":"PATCH","path":"/api/admin/cotizaciones/","responseTimeMs":1,"service":"backend","status":404,"timestamp":"2026-02-27T08:21:54.707-06:00","userAgent":"curl/8.5.0","userId":"699e32fc04596633b72aeb40"}
{"context":{"adminId":"699e32fc04596633b72aeb40","fecha":"2026-04-25","servicioId":"699e32fc04596633b72aeb2a"},"correlationId":"req-f25161b5-c229-4950-8bfe-c03743332daf","env":"development","level":"info","message":"Disponibilidad bloqueada","service":"backend","timestamp":"2026-02-27T08:21:55.018-06:00"}
{"correlationId":"req-f25161b5-c229-4950-8bfe-c03743332daf","env":"development","level":"info","message":"Request completado","method":"POST","path":"/api/admin/disponibilidad/bloquear","responseTimeMs":5,"service":"backend","status":200,"timestamp":"2026-02-27T08:21:55.018-06:00","userAgent":"curl/8.5.0","userId":"699e32fc04596633b72aeb40"}
{"context":{"codigo":"DD2602-H5HN"},"correlationId":"req-72d9313c-da07-442b-82b6-397de3bfc885","env":"development","level":"info","message":"Cotizacion consultada por cliente","service":"backend","timestamp":"2026-02-27T08:21:55.325-06:00"}
{"correlationId":"req-72d9313c-da07-442b-82b6-397de3bfc885","env":"development","level":"info","message":"Request completado","method":"GET","path":"/api/cotizaciones/consultar/DD2602-H5HN","responseTimeMs":3,"service":"backend","status":200,"timestamp":"2026-02-27T08:21:55.326-06:00","userAgent":"curl/8.5.0","userId":null}
{"context":{"adminId":"699e32fc04596633b72aeb40"},"correlationId":"req-170cb978-9db8-45ec-b38f-b133ff8a170f","env":"development","level":"info","message":"Dashboard admin consultado","service":"backend","timestamp":"2026-02-27T08:21:55.643-06:00"}
{"correlationId":"req-170cb978-9db8-45ec-b38f-b133ff8a170f","env":"development","level":"info","message":"Request completado","method":"GET","path":"/api/admin/dashboard","responseTimeMs":11,"service":"backend","status":200,"timestamp":"2026-02-27T08:21:55.643-06:00","userAgent":"curl/8.5.0","userId":"699e32fc04596633b72aeb40"}
{"context":{"anio":2026,"mes":8},"correlationId":"req-77f005e4-b018-49aa-96a6-132a1b38ffda","env":"development","level":"info","message":"Calendario consultado","service":"backend","timestamp":"2026-02-27T08:21:55.951-06:00"}
{"correlationId":"req-77f005e4-b018-49aa-96a6-132a1b38ffda","env":"development","level":"info","message":"Request completado","method":"GET","path":"/api/disponibilidad/mes?anio=2026&mes=8","responseTimeMs":3,"service":"backend","status":200,"timestamp":"2026-02-27T08:21:55.952-06:00","userAgent":"curl/8.5.0","userId":null}
{"context":{"anio":2026,"mes":6},"correlationId":"req-96616af1-3a3a-4b25-8159-9b62651c6d11","env":"development","level":"info","message":"Calendario consultado","service":"backend","timestamp":"2026-02-27T08:21:55.953-06:00"}
{"correlationId":"req-96616af1-3a3a-4b25-8159-9b62651c6d11","env":"development","level":"info","message":"Request completado","method":"GET","path":"/api/disponibilidad/mes?anio=2026&mes=6","responseTimeMs":3,"service":"backend","status":200,"timestamp":"2026-02-27T08:21:55.953-06:00","userAgent":"curl/8.5.0","userId":null}
{"context":{"anio":2026,"mes":11},"correlationId":"req-0049e71f-85bd-4b08-9316-42581e27e823","env":"development","level":"info","message":"Calendario consultado","service":"backend","timestamp":"2026-02-27T08:21:55.954-06:00"}
{"correlationId":"req-0049e71f-85bd-4b08-9316-42581e27e823","env":"development","level":"info","message":"Request completado","method":"GET","path":"/api/disponibilidad/mes?anio=2026&mes=11","responseTimeMs":3,"service":"backend","status":200,"timestamp":"2026-02-27T08:21:55.954-06:00","userAgent":"curl/8.5.0","userId":null}
{"context":{"anio":2026,"mes":4},"correlationId":"req-292bbab6-32d7-4360-83cd-e81d7a0918c8","env":"development","level":"info","message":"Calendario consultado","service":"backend","timestamp":"2026-02-27T08:21:55.955-06:00"}
{"correlationId":"req-292bbab6-32d7-4360-83cd-e81d7a0918c8","env":"development","level":"info","message":"Request completado","method":"GET","path":"/api/disponibilidad/mes?anio=2026&mes=4","responseTimeMs":4,"service":"backend","status":200,"timestamp":"2026-02-27T08:21:55.956-06:00","userAgent":"curl/8.5.0","userId":null}
{"context":{"anio":2026,"mes":9},"correlationId":"req-4bfb6687-eef4-45ac-826e-ed1f0d5a4bba","env":"development","level":"info","message":"Calendario consultado","service":"backend","timestamp":"2026-02-27T08:21:55.957-06:00"}
{"correlationId":"req-4bfb6687-eef4-45ac-826e-ed1f0d5a4bba","env":"development","level":"info","message":"Request completado","method":"GET","path":"/api/disponibilidad/mes?anio=2026&mes=9","responseTimeMs":3,"service":"backend","status":200,"timestamp":"2026-02-27T08:21:55.957-06:00","userAgent":"curl/8.5.0","userId":null}
{"context":{"anio":2026,"mes":5},"correlationId":"req-775b7b11-72fe-42f2-af6b-363e1a78939d","env":"development","level":"info","message":"Calendario consultado","service":"backend","timestamp":"2026-02-27T08:21:55.958-06:00"}
{"correlationId":"req-775b7b11-72fe-42f2-af6b-363e1a78939d","env":"development","level":"info","message":"Request completado","method":"GET","path":"/api/disponibilidad/mes?anio=2026&mes=5","responseTimeMs":3,"service":"backend","status":200,"timestamp":"2026-02-27T08:21:55.958-06:00","userAgent":"curl/8.5.0","userId":null}
{"context":{"anio":2026,"mes":2},"correlationId":"req-217e4a73-5331-4a1f-bfb9-14ec8206e706","env":"development","level":"info","message":"Calendario consultado","service":"backend","timestamp":"2026-02-27T08:21:55.959-06:00"}
{"correlationId":"req-217e4a73-5331-4a1f-bfb9-14ec8206e706","env":"development","level":"info","message":"Request completado","method":"GET","path":"/api/disponibilidad/mes?anio=2026&mes=2","responseTimeMs":3,"service":"backend","status":200,"timestamp":"2026-02-27T08:21:55.959-06:00","userAgent":"curl/8.5.0","userId":null}
{"context":{"anio":2026,"mes":10},"correlationId":"req-6b3d6fc4-e7b0-4a8f-841b-92b9cb8b3603","env":"development","level":"info","message":"Calendario consultado","service":"backend","timestamp":"2026-02-27T08:21:55.960-06:00"}
{"correlationId":"req-6b3d6fc4-e7b0-4a8f-841b-92b9cb8b3603","env":"development","level":"info","message":"Request completado","method":"GET","path":"/api/disponibilidad/mes?anio=2026&mes=10","responseTimeMs":3,"service":"backend","status":200,"timestamp":"2026-02-27T08:21:55.960-06:00","userAgent":"curl/8.5.0","userId":null}
{"context":{"anio":2026,"mes":12},"correlationId":"req-f6153723-6b96-459e-bf94-34235cd11d1e","env":"development","level":"info","message":"Calendario consultado","service":"backend","timestamp":"2026-02-27T08:21:55.961-06:00"}
{"correlationId":"req-f6153723-6b96-459e-bf94-34235cd11d1e","env":"development","level":"info","message":"Request completado","method":"GET","path":"/api/disponibilidad/mes?anio=2026&mes=12","responseTimeMs":3,"service":"backend","status":200,"timestamp":"2026-02-27T08:21:55.961-06:00","userAgent":"curl/8.5.0","userId":null}
{"context":{"anio":2026,"mes":3},"correlationId":"req-0bab081c-a340-4ebd-91ad-d630d5f69505","env":"development","level":"info","message":"Calendario consultado","service":"backend","timestamp":"2026-02-27T08:21:55.962-06:00"}
{"correlationId":"req-0bab081c-a340-4ebd-91ad-d630d5f69505","env":"development","level":"info","message":"Request completado","method":"GET","path":"/api/disponibilidad/mes?anio=2026&mes=3","responseTimeMs":2,"service":"backend","status":200,"timestamp":"2026-02-27T08:21:55.962-06:00","userAgent":"curl/8.5.0","userId":null}
{"context":{"anio":2026,"mes":1},"correlationId":"req-9ff04787-e9a2-4223-8ab7-1c34a4a4f400","env":"development","level":"info","message":"Calendario consultado","service":"backend","timestamp":"2026-02-27T08:21:55.963-06:00"}
{"correlationId":"req-9ff04787-e9a2-4223-8ab7-1c34a4a4f400","env":"development","level":"info","message":"Request completado","method":"GET","path":"/api/disponibilidad/mes?anio=2026&mes=1","responseTimeMs":2,"service":"backend","status":200,"timestamp":"2026-02-27T08:21:55.963-06:00","userAgent":"curl/8.5.0","userId":null}
{"context":{"anio":2026,"mes":7},"correlationId":"req-efe59cfb-c02c-4ecc-a70a-68eb9c8367ac","env":"development","level":"info","message":"Calendario consultado","service":"backend","timestamp":"2026-02-27T08:21:55.964-06:00"}
{"correlationId":"req-efe59cfb-c02c-4ecc-a70a-68eb9c8367ac","env":"development","level":"info","message":"Request completado","method":"GET","path":"/api/disponibilidad/mes?anio=2026&mes=7","responseTimeMs":2,"service":"backend","status":200,"timestamp":"2026-02-27T08:21:55.964-06:00","userAgent":"curl/8.5.0","userId":null}
{"correlationId":"req-ca5b9820-9dd3-40d5-9aab-c16a0adba195","env":"development","level":"info","message":"Request completado","method":"GET","path":"/api/admin/cotizaciones","responseTimeMs":6,"service":"backend","status":200,"timestamp":"2026-02-27T08:21:56.477-06:00","userAgent":"curl/8.5.0","userId":"699e32fc04596633b72aeb40"}
{"context":{"total":5},"correlationId":"req-0cc51cfc-9693-4595-a4e9-c87ab2d481f5","env":"development","level":"info","message":"Categorias consultadas","service":"backend","timestamp":"2026-02-27T08:21:56.478-06:00"}
{"correlationId":"req-0cc51cfc-9693-4595-a4e9-c87ab2d481f5","env":"development","level":"info","message":"Request completado","method":"GET","path":"/api/categorias","responseTimeMs":4,"service":"backend","status":200,"timestamp":"2026-02-27T08:21:56.478-06:00","userAgent":"curl/8.5.0","userId":null}
{"correlationId":"req-6ac6d74f-87dd-486d-aa29-c6486491c22e","env":"development","level":"info","message":"Request completado","method":"GET","path":"/api/admin/cotizaciones","responseTimeMs":7,"service":"backend","status":200,"timestamp":"2026-02-27T08:21:56.480-06:00","userAgent":"curl/8.5.0","userId":"699e32fc04596633b72aeb40"}
{"correlationId":"req-37b1702e-0f39-4564-8f19-fdf30ac0be0c","env":"development","level":"info","message":"Request completado","method":"GET","path":"/api/admin/cotizaciones","responseTimeMs":9,"service":"backend","status":200,"timestamp":"2026-02-27T08:21:56.481-06:00","userAgent":"curl/8.5.0","userId":"699e32fc04596633b72aeb40"}
{"context":{"total":5},"correlationId":"req-431c2080-8083-48fd-ab8a-811fda04d390","env":"development","level":"info","message":"Categorias consultadas","service":"backend","timestamp":"2026-02-27T08:21:56.482-06:00"}
{"correlationId":"req-431c2080-8083-48fd-ab8a-811fda04d390","env":"development","level":"info","message":"Request completado","method":"GET","path":"/api/categorias","responseTimeMs":7,"service":"backend","status":200,"timestamp":"2026-02-27T08:21:56.482-06:00","userAgent":"curl/8.5.0","userId":null}
{"context":{"buscar":null,"categoria":"todas","total":57},"correlationId":"req-cd73c983-1e9c-420b-bc89-8d915a2d4de6","env":"development","level":"info","message":"Servicios consultados","service":"backend","timestamp":"2026-02-27T08:21:56.487-06:00"}
{"correlationId":"req-cd73c983-1e9c-420b-bc89-8d915a2d4de6","env":"development","level":"info","message":"Request completado","method":"GET","path":"/api/servicios","responseTimeMs":10,"service":"backend","status":200,"timestamp":"2026-02-27T08:21:56.488-06:00","userAgent":"curl/8.5.0","userId":null}
{"context":{"total":5},"correlationId":"req-82dd19ef-2581-42b4-8c8f-e4085046032a","env":"development","level":"info","message":"Categorias consultadas","service":"backend","timestamp":"2026-02-27T08:21:56.489-06:00"}
{"correlationId":"req-82dd19ef-2581-42b4-8c8f-e4085046032a","env":"development","level":"info","message":"Request completado","method":"GET","path":"/api/categorias","responseTimeMs":3,"service":"backend","status":200,"timestamp":"2026-02-27T08:21:56.489-06:00","userAgent":"curl/8.5.0","userId":null}
{"context":{"total":5},"correlationId":"req-6ec29cb4-4006-4f89-9683-4e4dcc1c8f15","env":"development","level":"info","message":"Categorias consultadas","service":"backend","timestamp":"2026-02-27T08:21:56.491-06:00"}
{"correlationId":"req-6ec29cb4-4006-4f89-9683-4e4dcc1c8f15","env":"development","level":"info","message":"Request completado","method":"GET","path":"/api/categorias","responseTimeMs":2,"service":"backend","status":200,"timestamp":"2026-02-27T08:21:56.491-06:00","userAgent":"curl/8.5.0","userId":null}
{"correlationId":"req-9a72f6b6-3553-471d-b7db-d957c7faf5fd","env":"development","level":"info","message":"Request completado","method":"GET","path":"/api/admin/cotizaciones","responseTimeMs":10,"service":"backend","status":200,"timestamp":"2026-02-27T08:21:56.493-06:00","userAgent":"curl/8.5.0","userId":"699e32fc04596633b72aeb40"}
{"context":{"buscar":null,"categoria":"todas","total":57},"correlationId":"req-84bb2e87-4c4d-4eb0-bb95-c56e17a068d9","env":"development","level":"info","message":"Servicios consultados","service":"backend","timestamp":"2026-02-27T08:21:56.497-06:00"}
{"correlationId":"req-84bb2e87-4c4d-4eb0-bb95-c56e17a068d9","env":"development","level":"info","message":"Request completado","method":"GET","path":"/api/servicios","responseTimeMs":7,"service":"backend","status":200,"timestamp":"2026-02-27T08:21:56.497-06:00","userAgent":"curl/8.5.0","userId":null}
{"context":{"buscar":null,"categoria":"todas","total":57},"correlationId":"req-4fed1d86-f2e3-411a-8911-970e778b53c6","env":"development","level":"info","message":"Servicios consultados","service":"backend","timestamp":"2026-02-27T08:21:56.501-06:00"}
{"correlationId":"req-4fed1d86-f2e3-411a-8911-970e778b53c6","env":"development","level":"info","message":"Request completado","method":"GET","path":"/api/servicios","responseTimeMs":10,"service":"backend","status":200,"timestamp":"2026-02-27T08:21:56.502-06:00","userAgent":"curl/8.5.0","userId":null}
{"context":{"buscar":null,"categoria":"todas","total":57},"correlationId":"req-bda0f79f-1259-4473-a12c-41c6188b057c","env":"development","level":"info","message":"Servicios consultados","service":"backend","timestamp":"2026-02-27T08:21:56.505-06:00"}
{"correlationId":"req-bda0f79f-1259-4473-a12c-41c6188b057c","env":"development","level":"info","message":"Request completado","method":"GET","path":"/api/servicios","responseTimeMs":10,"service":"backend","status":200,"timestamp":"2026-02-27T08:21:56.506-06:00","userAgent":"curl/8.5.0","userId":null}
{"context":{"total":5},"correlationId":"req-1327ad95-7ef9-4a80-9d1f-ec709bc7aafa","env":"development","level":"info","message":"Categorias consultadas","service":"backend","timestamp":"2026-02-27T08:21:56.507-06:00"}
{"correlationId":"req-1327ad95-7ef9-4a80-9d1f-ec709bc7aafa","env":"development","level":"info","message":"Request completado","method":"GET","path":"/api/categorias","responseTimeMs":7,"service":"backend","status":200,"timestamp":"2026-02-27T08:21:56.507-06:00","userAgent":"curl/8.5.0","userId":null}
{"correlationId":"req-0e9da16c-fa59-4537-abd7-7c569af451f1","env":"development","level":"info","message":"Request completado","method":"GET","path":"/api/admin/cotizaciones","responseTimeMs":7,"service":"backend","status":200,"timestamp":"2026-02-27T08:21:56.511-06:00","userAgent":"curl/8.5.0","userId":"699e32fc04596633b72aeb40"}
{"context":{"buscar":null,"categoria":"todas","total":57},"correlationId":"req-ddede025-d603-4c47-b3f2-674a13f04424","env":"development","level":"info","message":"Servicios consultados","service":"backend","timestamp":"2026-02-27T08:21:56.512-06:00"}
{"correlationId":"req-ddede025-d603-4c47-b3f2-674a13f04424","env":"development","level":"info","message":"Request completado","method":"GET","path":"/api/servicios","responseTimeMs":5,"service":"backend","status":200,"timestamp":"2026-02-27T08:21:56.512-06:00","userAgent":"curl/8.5.0","userId":null}
{"context":{"db":"dreamday","host":"localhost"},"env":"development","level":"info","message":"MongoDB conectado exitosamente","service":"backend","timestamp":"2026-02-27T17:07:27.777-06:00"}
{"context":{"env":"development","node":"v24.13.1","port":"5000"},"env":"development","level":"info","message":"Servidor Dream Day iniciado","service":"backend","timestamp":"2026-02-27T17:07:27.781-06:00"}
{"context":{"total":5},"correlationId":"req-55761ced-4ddc-48fb-963c-f6db80284db1","env":"development","level":"info","message":"Categorias consultadas","service":"backend","timestamp":"2026-02-27T17:08:06.596-06:00"}
{"correlationId":"req-55761ced-4ddc-48fb-963c-f6db80284db1","env":"development","level":"info","message":"Request completado","method":"GET","path":"/api/categorias","responseTimeMs":13,"service":"backend","status":200,"timestamp":"2026-02-27T17:08:06.600-06:00","userAgent":"curl/8.5.0","userId":null}
{"context":{"total":5},"correlationId":"req-f47a699c-0375-44d0-aeaa-b67aa13f11f4","env":"development","level":"info","message":"Categorias consultadas","service":"backend","timestamp":"2026-02-27T17:08:06.807-06:00"}
{"correlationId":"req-f47a699c-0375-44d0-aeaa-b67aa13f11f4","env":"development","level":"info","message":"Request completado","method":"GET","path":"/api/categorias","responseTimeMs":2,"service":"backend","status":200,"timestamp":"2026-02-27T17:08:06.808-06:00","userAgent":"curl/8.5.0","userId":null}
{"context":{"total":5},"correlationId":"req-fcccf44d-4b48-49b9-9705-078161d15f2e","env":"development","level":"info","message":"Categorias consultadas","service":"backend","timestamp":"2026-02-27T17:08:07.016-06:00"}
{"correlationId":"req-fcccf44d-4b48-49b9-9705-078161d15f2e","env":"development","level":"info","message":"Request completado","method":"GET","path":"/api/categorias","responseTimeMs":3,"service":"backend","status":200,"timestamp":"2026-02-27T17:08:07.017-06:00","userAgent":"curl/8.5.0","userId":null}
{"context":{"total":5},"correlationId":"req-0238f0c7-8929-4333-b7ee-93f90f352645","env":"development","level":"info","message":"Categorias consultadas","service":"backend","timestamp":"2026-02-27T17:08:07.224-06:00"}
{"correlationId":"req-0238f0c7-8929-4333-b7ee-93f90f352645","env":"development","level":"info","message":"Request completado","method":"GET","path":"/api/categorias","responseTimeMs":2,"service":"backend","status":200,"timestamp":"2026-02-27T17:08:07.224-06:00","userAgent":"curl/8.5.0","userId":null}
{"context":{"total":5},"correlationId":"req-d0c487fe-a6eb-4a3b-9342-d0c8ddd39189","env":"development","level":"info","message":"Categorias consultadas","service":"backend","timestamp":"2026-02-27T17:08:07.431-06:00"}
{"correlationId":"req-d0c487fe-a6eb-4a3b-9342-d0c8ddd39189","env":"development","level":"info","message":"Request completado","method":"GET","path":"/api/categorias","responseTimeMs":2,"service":"backend","status":200,"timestamp":"2026-02-27T17:08:07.432-06:00","userAgent":"curl/8.5.0","userId":null}
{"context":{"total":5},"correlationId":"req-b75a2e48-f5e5-4386-9eb5-b86df6e1d4f0","env":"development","level":"info","message":"Categorias consultadas","service":"backend","timestamp":"2026-02-27T17:08:07.639-06:00"}
{"correlationId":"req-b75a2e48-f5e5-4386-9eb5-b86df6e1d4f0","env":"development","level":"info","message":"Request completado","method":"GET","path":"/api/categorias","responseTimeMs":2,"service":"backend","status":200,"timestamp":"2026-02-27T17:08:07.640-06:00","userAgent":"curl/8.5.0","userId":null}
{"context":{"total":5},"correlationId":"req-117782bb-5171-407d-ad5b-d33f6283ff7d","env":"development","level":"info","message":"Categorias consultadas","service":"backend","timestamp":"2026-02-27T17:08:07.848-06:00"}
{"correlationId":"req-117782bb-5171-407d-ad5b-d33f6283ff7d","env":"development","level":"info","message":"Request completado","method":"GET","path":"/api/categorias","responseTimeMs":2,"service":"backend","status":200,"timestamp":"2026-02-27T17:08:07.848-06:00","userAgent":"curl/8.5.0","userId":null}
{"context":{"total":5},"correlationId":"req-65ee8458-249d-4aa9-b15d-9d070cce88a2","env":"development","level":"info","message":"Categorias consultadas","service":"backend","timestamp":"2026-02-27T17:08:08.055-06:00"}
{"correlationId":"req-65ee8458-249d-4aa9-b15d-9d070cce88a2","env":"development","level":"info","message":"Request completado","method":"GET","path":"/api/categorias","responseTimeMs":2,"service":"backend","status":200,"timestamp":"2026-02-27T17:08:08.056-06:00","userAgent":"curl/8.5.0","userId":null}
{"context":{"buscar":null,"categoria":"todas","total":57},"correlationId":"req-4ec23080-5143-415e-aa92-7417d2903f75","env":"development","level":"info","message":"Servicios consultados","service":"backend","timestamp":"2026-02-27T17:08:08.279-06:00"}
{"correlationId":"req-4ec23080-5143-415e-aa92-7417d2903f75","env":"development","level":"info","message":"Request completado","method":"GET","path":"/api/servicios","responseTimeMs":18,"service":"backend","status":200,"timestamp":"2026-02-27T17:08:08.280-06:00","userAgent":"curl/8.5.0","userId":null}
{"context":{"buscar":null,"categoria":"todas","total":57},"correlationId":"req-25c0c74d-0125-4e71-b111-6cb5fb63a52c","env":"development","level":"info","message":"Servicios consultados","service":"backend","timestamp":"2026-02-27T17:08:08.491-06:00"}
{"correlationId":"req-25c0c74d-0125-4e71-b111-6cb5fb63a52c","env":"development","level":"info","message":"Request completado","method":"GET","path":"/api/servicios","responseTimeMs":6,"service":"backend","status":200,"timestamp":"2026-02-27T17:08:08.492-06:00","userAgent":"curl/8.5.0","userId":null}
{"context":{"buscar":null,"categoria":"todas","total":57},"correlationId":"req-056190ff-103b-4c1d-a1f3-6e9e4858ef79","env":"development","level":"info","message":"Servicios consultados","service":"backend","timestamp":"2026-02-27T17:08:08.702-06:00"}
{"correlationId":"req-056190ff-103b-4c1d-a1f3-6e9e4858ef79","env":"development","level":"info","message":"Request completado","method":"GET","path":"/api/servicios","responseTimeMs":6,"service":"backend","status":200,"timestamp":"2026-02-27T17:08:08.703-06:00","userAgent":"curl/8.5.0","userId":null}
{"context":{"buscar":null,"categoria":"todas","total":57},"correlationId":"req-357e69c5-0839-4c30-96cf-779f651fc251","env":"development","level":"info","message":"Servicios consultados","service":"backend","timestamp":"2026-02-27T17:08:08.914-06:00"}
{"correlationId":"req-357e69c5-0839-4c30-96cf-779f651fc251","env":"development","level":"info","message":"Request completado","method":"GET","path":"/api/servicios","responseTimeMs":5,"service":"backend","status":200,"timestamp":"2026-02-27T17:08:08.915-06:00","userAgent":"curl/8.5.0","userId":null}
{"context":{"buscar":null,"categoria":"todas","total":57},"correlationId":"req-cb2ab39d-e687-4500-9739-f00b6c347459","env":"development","level":"info","message":"Servicios consultados","service":"backend","timestamp":"2026-02-27T17:08:09.125-06:00"}
{"correlationId":"req-cb2ab39d-e687-4500-9739-f00b6c347459","env":"development","level":"info","message":"Request completado","method":"GET","path":"/api/servicios","responseTimeMs":5,"service":"backend","status":200,"timestamp":"2026-02-27T17:08:09.126-06:00","userAgent":"curl/8.5.0","userId":null}
{"context":{"buscar":null,"categoria":"todas","total":57},"correlationId":"req-8c7b919d-3db4-4494-95f6-d204aea4c278","env":"development","level":"info","message":"Servicios consultados","service":"backend","timestamp":"2026-02-27T17:08:09.335-06:00"}
{"correlationId":"req-8c7b919d-3db4-4494-95f6-d204aea4c278","env":"development","level":"info","message":"Request completado","method":"GET","path":"/api/servicios","responseTimeMs":5,"service":"backend","status":200,"timestamp":"2026-02-27T17:08:09.336-06:00","userAgent":"curl/8.5.0","userId":null}
{"context":{"buscar":null,"categoria":"todas","total":57},"correlationId":"req-2371c854-3b76-490d-838a-78a7bcc99597","env":"development","level":"info","message":"Servicios consultados","service":"backend","timestamp":"2026-02-27T17:08:09.546-06:00"}
{"correlationId":"req-2371c854-3b76-490d-838a-78a7bcc99597","env":"development","level":"info","message":"Request completado","method":"GET","path":"/api/servicios","responseTimeMs":4,"service":"backend","status":200,"timestamp":"2026-02-27T17:08:09.546-06:00","userAgent":"curl/8.5.0","userId":null}
{"context":{"buscar":null,"categoria":"todas","total":57},"correlationId":"req-fe266682-f425-4108-8acb-d11ff82e1436","env":"development","level":"info","message":"Servicios consultados","service":"backend","timestamp":"2026-02-27T17:08:09.757-06:00"}
{"correlationId":"req-fe266682-f425-4108-8acb-d11ff82e1436","env":"development","level":"info","message":"Request completado","method":"GET","path":"/api/servicios","responseTimeMs":5,"service":"backend","status":200,"timestamp":"2026-02-27T17:08:09.758-06:00","userAgent":"curl/8.5.0","userId":null}
{"context":{"anio":2026,"mes":3},"correlationId":"req-c2408102-5b2e-45b4-93e4-7258522ab31a","env":"development","level":"info","message":"Calendario consultado","service":"backend","timestamp":"2026-02-27T17:08:09.975-06:00"}
{"correlationId":"req-c2408102-5b2e-45b4-93e4-7258522ab31a","env":"development","level":"info","message":"Request completado","method":"GET","path":"/api/disponibilidad/mes?anio=2026&mes=3","responseTimeMs":11,"service":"backend","status":200,"timestamp":"2026-02-27T17:08:09.976-06:00","userAgent":"curl/8.5.0","userId":null}
{"context":{"anio":2026,"mes":3},"correlationId":"req-634dbd0d-b7f5-4205-9920-c15e414afde0","env":"development","level":"info","message":"Calendario consultado","service":"backend","timestamp":"2026-02-27T17:08:10.184-06:00"}
{"correlationId":"req-634dbd0d-b7f5-4205-9920-c15e414afde0","env":"development","level":"info","message":"Request completado","method":"GET","path":"/api/disponibilidad/mes?anio=2026&mes=3","responseTimeMs":2,"service":"backend","status":200,"timestamp":"2026-02-27T17:08:10.184-06:00","userAgent":"curl/8.5.0","userId":null}
{"context":{"anio":2026,"mes":3},"correlationId":"req-7476eb75-87a2-44f3-9c37-ac1a8c40bf3d","env":"development","level":"info","message":"Calendario consultado","service":"backend","timestamp":"2026-02-27T17:08:10.392-06:00"}
{"correlationId":"req-7476eb75-87a2-44f3-9c37-ac1a8c40bf3d","env":"development","level":"info","message":"Request completado","method":"GET","path":"/api/disponibilidad/mes?anio=2026&mes=3","responseTimeMs":2,"service":"backend","status":200,"timestamp":"2026-02-27T17:08:10.392-06:00","userAgent":"curl/8.5.0","userId":null}
{"context":{"anio":2026,"mes":3},"correlationId":"req-dbb0b78c-1538-47ed-9711-3deb326233fb","env":"development","level":"info","message":"Calendario consultado","service":"backend","timestamp":"2026-02-27T17:08:10.601-06:00"}
{"correlationId":"req-dbb0b78c-1538-47ed-9711-3deb326233fb","env":"development","level":"info","message":"Request completado","method":"GET","path":"/api/disponibilidad/mes?anio=2026&mes=3","responseTimeMs":2,"service":"backend","status":200,"timestamp":"2026-02-27T17:08:10.601-06:00","userAgent":"curl/8.5.0","userId":null}
{"correlationId":"req-b26f61de-3e1a-4270-9844-9e6c8ebde91b","env":"development","level":"info","message":"Request completado","method":"GET","path":"/api/health","responseTimeMs":0,"service":"backend","status":200,"timestamp":"2026-02-27T17:08:10.809-06:00","userAgent":"curl/8.5.0","userId":null}
{"correlationId":"req-2022b899-a34a-4e48-b277-2825b4a01258","env":"development","level":"info","message":"Request completado","method":"GET","path":"/api/health","responseTimeMs":0,"service":"backend","status":200,"timestamp":"2026-02-27T17:08:11.014-06:00","userAgent":"curl/8.5.0","userId":null}
{"correlationId":"req-c65f07ce-289a-4e10-a58b-8aa4ab6d9277","env":"development","level":"info","message":"Request completado","method":"GET","path":"/api/health","responseTimeMs":0,"service":"backend","status":200,"timestamp":"2026-02-27T17:08:11.220-06:00","userAgent":"curl/8.5.0","userId":null}
{"correlationId":"req-47238205-5617-4a61-a142-8873d3fdf00b","env":"development","level":"info","message":"Request completado","method":"GET","path":"/api/health","responseTimeMs":1,"service":"backend","status":200,"timestamp":"2026-02-27T17:08:11.426-06:00","userAgent":"curl/8.5.0","userId":null}
{"correlationId":"req-33ffc58b-4cd7-4294-b740-b759ab185253","env":"development","level":"info","message":"Request completado","method":"GET","path":"/api/health","responseTimeMs":0,"service":"backend","status":200,"timestamp":"2026-02-27T17:08:11.630-06:00","userAgent":"curl/8.5.0","userId":null}
{"correlationId":"req-54a310a0-4a65-45c2-9ba0-cf999e7e37e9","env":"development","level":"warn","message":"Request fallido (client error)","method":"GET","path":"/api/servicios/000000000000000000000099","responseTimeMs":6,"service":"backend","status":404,"timestamp":"2026-02-27T17:08:11.843-06:00","userAgent":"curl/8.5.0","userId":null}
{"correlationId":"req-3156f701-5ad1-425b-b789-1c49249a3a70","env":"development","level":"warn","message":"Request fallido (client error)","method":"POST","path":"/api/cotizaciones","responseTimeMs":0,"service":"backend","status":400,"timestamp":"2026-02-27T17:08:12.160-06:00","userAgent":"curl/8.5.0","userId":null}
{"correlationId":"req-3f4240de-ec07-48bc-8b31-326a74f32d62","env":"development","level":"warn","message":"Request fallido (client error)","method":"POST","path":"/api/cotizaciones","responseTimeMs":0,"service":"backend","status":400,"timestamp":"2026-02-27T17:08:12.468-06:00","userAgent":"curl/8.5.0","userId":null}
{"correlationId":"req-4bccc94e-bedb-4a7b-b0a2-a067c05e6395","env":"development","level":"warn","message":"Request fallido (client error)","method":"GET","path":"/api/admin/cotizaciones","responseTimeMs":0,"service":"backend","status":401,"timestamp":"2026-02-27T17:08:12.774-06:00","userAgent":"curl/8.5.0","userId":null}
{"context":{"email":"admin@dreamday.mx"},"correlationId":"req-99e53ac1-c4c1-44e7-aff4-20670df6bbd4","env":"development","level":"warn","message":"Intento de login fallido: contrasena incorrecta","service":"backend","timestamp":"2026-02-27T17:08:13.131-06:00"}
{"correlationId":"req-99e53ac1-c4c1-44e7-aff4-20670df6bbd4","env":"development","level":"warn","message":"Request fallido (client error)","method":"POST","path":"/api/auth/login","responseTimeMs":51,"service":"backend","status":401,"timestamp":"2026-02-27T17:08:13.132-06:00","userAgent":"curl/8.5.0","userId":null}
{"correlationId":"req-b5162e69-7fd3-448c-9045-28fc7c2ecfcb","env":"development","level":"warn","message":"Request fallido (client error)","method":"GET","path":"/api/ruta-inexistente","responseTimeMs":0,"service":"backend","status":404,"timestamp":"2026-02-27T17:08:13.439-06:00","userAgent":"curl/8.5.0","userId":null}
{"context":{"email":"admin@dreamday.mx","rol":"superadmin"},"correlationId":"req-b49db3b6-b708-4fd4-8e03-17efdd99fdf5","env":"development","level":"info","message":"Login exitoso","service":"backend","timestamp":"2026-02-27T17:08:13.800-06:00"}
{"correlationId":"req-b49db3b6-b708-4fd4-8e03-17efdd99fdf5","env":"development","level":"info","message":"Request completado","method":"POST","path":"/api/auth/login","responseTimeMs":55,"service":"backend","status":200,"timestamp":"2026-02-27T17:08:13.800-06:00","userAgent":"curl/8.5.0","userId":null}
{"context":{"buscar":null,"categoria":"todas","total":57},"correlationId":"req-6502f418-71f2-437a-939c-356c2e7f2e80","env":"development","level":"info","message":"Servicios consultados","service":"backend","timestamp":"2026-02-27T17:08:14.113-06:00"}
{"correlationId":"req-6502f418-71f2-437a-939c-356c2e7f2e80","env":"development","level":"info","message":"Request completado","method":"GET","path":"/api/servicios","responseTimeMs":7,"service":"backend","status":200,"timestamp":"2026-02-27T17:08:14.114-06:00","userAgent":"curl/8.5.0","userId":null}
{"context":{"cliente":"maria@test.com","codigo":"DD2602-LUTH","fecha":"2026-04-20","servicios":1},"correlationId":"req-abc90026-2bc8-4d17-8fd8-9ec34c0c744c","env":"development","level":"info","message":"Cotizacion creada","service":"backend","timestamp":"2026-02-27T17:08:14.132-06:00"}
{"correlationId":"req-abc90026-2bc8-4d17-8fd8-9ec34c0c744c","env":"development","level":"info","message":"Request completado","method":"POST","path":"/api/cotizaciones","responseTimeMs":13,"service":"backend","status":201,"timestamp":"2026-02-27T17:08:14.133-06:00","userAgent":"curl/8.5.0","userId":null}
{"context":{"cliente":"juan@test.com","codigo":"DD2602-96E8","fecha":"2026-05-10","servicios":1},"correlationId":"req-b9adf61f-e13a-4696-a0a1-63b9a3ea785a","env":"development","level":"info","message":"Cotizacion creada","service":"backend","timestamp":"2026-02-27T17:08:14.447-06:00"}
{"correlationId":"req-b9adf61f-e13a-4696-a0a1-63b9a3ea785a","env":"development","level":"info","message":"Request completado","method":"POST","path":"/api/cotizaciones","responseTimeMs":5,"service":"backend","status":201,"timestamp":"2026-02-27T17:08:14.448-06:00","userAgent":"curl/8.5.0","userId":null}
{"correlationId":"req-506548ad-27d1-4c0a-9121-447a2c140b35","env":"development","level":"warn","message":"Request fallido (client error)","method":"PATCH","path":"/api/admin/cotizaciones/","responseTimeMs":2,"service":"backend","status":404,"timestamp":"2026-02-27T17:08:14.758-06:00","userAgent":"curl/8.5.0","userId":"699e32fc04596633b72aeb40"}
{"correlationId":"req-f8cf886e-11cf-44a7-b4f6-a1436325fb15","env":"development","level":"warn","message":"Request fallido (client error)","method":"PATCH","path":"/api/admin/cotizaciones/","responseTimeMs":2,"service":"backend","status":404,"timestamp":"2026-02-27T17:08:15.066-06:00","userAgent":"curl/8.5.0","userId":"699e32fc04596633b72aeb40"}
{"correlationId":"req-0e0baeff-0d3d-4faf-a13d-33e9bc8cdf3c","env":"development","level":"warn","message":"Request fallido (client error)","method":"PATCH","path":"/api/admin/cotizaciones/","responseTimeMs":2,"service":"backend","status":404,"timestamp":"2026-02-27T17:08:15.373-06:00","userAgent":"curl/8.5.0","userId":"699e32fc04596633b72aeb40"}
{"context":{"adminId":"699e32fc04596633b72aeb40","fecha":"2026-04-25","servicioId":"699e32fc04596633b72aeb2a"},"correlationId":"req-c25204a2-e516-4198-b29e-02e43fa813d9","env":"development","level":"info","message":"Disponibilidad bloqueada","service":"backend","timestamp":"2026-02-27T17:08:15.685-06:00"}
{"correlationId":"req-c25204a2-e516-4198-b29e-02e43fa813d9","env":"development","level":"info","message":"Request completado","method":"POST","path":"/api/admin/disponibilidad/bloquear","responseTimeMs":7,"service":"backend","status":200,"timestamp":"2026-02-27T17:08:15.686-06:00","userAgent":"curl/8.5.0","userId":"699e32fc04596633b72aeb40"}
{"context":{"codigo":"DD2602-LUTH"},"correlationId":"req-aa9fe057-b710-40e3-9a18-8f3cfe4abb71","env":"development","level":"info","message":"Cotizacion consultada por cliente","service":"backend","timestamp":"2026-02-27T17:08:15.993-06:00"}
{"correlationId":"req-aa9fe057-b710-40e3-9a18-8f3cfe4abb71","env":"development","level":"info","message":"Request completado","method":"GET","path":"/api/cotizaciones/consultar/DD2602-LUTH","responseTimeMs":3,"service":"backend","status":200,"timestamp":"2026-02-27T17:08:15.994-06:00","userAgent":"curl/8.5.0","userId":null}
{"context":{"adminId":"699e32fc04596633b72aeb40"},"correlationId":"req-3560c650-b37a-4391-8611-18a8007232f2","env":"development","level":"info","message":"Dashboard admin consultado","service":"backend","timestamp":"2026-02-27T17:08:16.312-06:00"}
{"correlationId":"req-3560c650-b37a-4391-8611-18a8007232f2","env":"development","level":"info","message":"Request completado","method":"GET","path":"/api/admin/dashboard","responseTimeMs":12,"service":"backend","status":200,"timestamp":"2026-02-27T17:08:16.312-06:00","userAgent":"curl/8.5.0","userId":"699e32fc04596633b72aeb40"}
{"context":{"anio":2026,"mes":6},"correlationId":"req-abfb3253-685a-46f5-af56-19ac2b6a94d9","env":"development","level":"info","message":"Calendario consultado","service":"backend","timestamp":"2026-02-27T17:08:16.620-06:00"}
{"correlationId":"req-abfb3253-685a-46f5-af56-19ac2b6a94d9","env":"development","level":"info","message":"Request completado","method":"GET","path":"/api/disponibilidad/mes?anio=2026&mes=6","responseTimeMs":3,"service":"backend","status":200,"timestamp":"2026-02-27T17:08:16.621-06:00","userAgent":"curl/8.5.0","userId":null}
{"context":{"anio":2026,"mes":9},"correlationId":"req-a7119cd6-634c-4712-9cfc-e31a1fe6148f","env":"development","level":"info","message":"Calendario consultado","service":"backend","timestamp":"2026-02-27T17:08:16.622-06:00"}
{"correlationId":"req-a7119cd6-634c-4712-9cfc-e31a1fe6148f","env":"development","level":"info","message":"Request completado","method":"GET","path":"/api/disponibilidad/mes?anio=2026&mes=9","responseTimeMs":3,"service":"backend","status":200,"timestamp":"2026-02-27T17:08:16.622-06:00","userAgent":"curl/8.5.0","userId":null}
{"context":{"anio":2026,"mes":3},"correlationId":"req-56aad956-9caf-443b-bfa6-130416d0a0d9","env":"development","level":"info","message":"Calendario consultado","service":"backend","timestamp":"2026-02-27T17:08:16.624-06:00"}
{"correlationId":"req-56aad956-9caf-443b-bfa6-130416d0a0d9","env":"development","level":"info","message":"Request completado","method":"GET","path":"/api/disponibilidad/mes?anio=2026&mes=3","responseTimeMs":4,"service":"backend","status":200,"timestamp":"2026-02-27T17:08:16.624-06:00","userAgent":"curl/8.5.0","userId":null}
{"context":{"anio":2026,"mes":2},"correlationId":"req-da778641-07dd-4abd-b5cc-352a551b7ac0","env":"development","level":"info","message":"Calendario consultado","service":"backend","timestamp":"2026-02-27T17:08:16.625-06:00"}
{"correlationId":"req-da778641-07dd-4abd-b5cc-352a551b7ac0","env":"development","level":"info","message":"Request completado","method":"GET","path":"/api/disponibilidad/mes?anio=2026&mes=2","responseTimeMs":5,"service":"backend","status":200,"timestamp":"2026-02-27T17:08:16.626-06:00","userAgent":"curl/8.5.0","userId":null}
{"context":{"anio":2026,"mes":12},"correlationId":"req-74395794-d767-4060-b493-0ad1ba0c6a21","env":"development","level":"info","message":"Calendario consultado","service":"backend","timestamp":"2026-02-27T17:08:16.627-06:00"}
{"correlationId":"req-74395794-d767-4060-b493-0ad1ba0c6a21","env":"development","level":"info","message":"Request completado","method":"GET","path":"/api/disponibilidad/mes?anio=2026&mes=12","responseTimeMs":4,"service":"backend","status":200,"timestamp":"2026-02-27T17:08:16.627-06:00","userAgent":"curl/8.5.0","userId":null}
{"context":{"anio":2026,"mes":10},"correlationId":"req-3a2c7e0e-5453-49b2-98a2-6687ff0279e3","env":"development","level":"info","message":"Calendario consultado","service":"backend","timestamp":"2026-02-27T17:08:16.629-06:00"}
{"correlationId":"req-3a2c7e0e-5453-49b2-98a2-6687ff0279e3","env":"development","level":"info","message":"Request completado","method":"GET","path":"/api/disponibilidad/mes?anio=2026&mes=10","responseTimeMs":4,"service":"backend","status":200,"timestamp":"2026-02-27T17:08:16.629-06:00","userAgent":"curl/8.5.0","userId":null}
{"context":{"anio":2026,"mes":5},"correlationId":"req-4d36f4e6-3855-4375-a409-af727a10efbd","env":"development","level":"info","message":"Calendario consultado","service":"backend","timestamp":"2026-02-27T17:08:16.630-06:00"}
{"correlationId":"req-4d36f4e6-3855-4375-a409-af727a10efbd","env":"development","level":"info","message":"Request completado","method":"GET","path":"/api/disponibilidad/mes?anio=2026&mes=5","responseTimeMs":4,"service":"backend","status":200,"timestamp":"2026-02-27T17:08:16.630-06:00","userAgent":"curl/8.5.0","userId":null}
{"context":{"anio":2026,"mes":11},"correlationId":"req-e28b7976-5954-4038-b318-1b88c9bf5918","env":"development","level":"info","message":"Calendario consultado","service":"backend","timestamp":"2026-02-27T17:08:16.631-06:00"}
{"correlationId":"req-e28b7976-5954-4038-b318-1b88c9bf5918","env":"development","level":"info","message":"Request completado","method":"GET","path":"/api/disponibilidad/mes?anio=2026&mes=11","responseTimeMs":4,"service":"backend","status":200,"timestamp":"2026-02-27T17:08:16.632-06:00","userAgent":"curl/8.5.0","userId":null}
{"context":{"anio":2026,"mes":4},"correlationId":"req-4ac3420c-07c4-4a18-8a72-56800c264e91","env":"development","level":"info","message":"Calendario consultado","service":"backend","timestamp":"2026-02-27T17:08:16.633-06:00"}
{"correlationId":"req-4ac3420c-07c4-4a18-8a72-56800c264e91","env":"development","level":"info","message":"Request completado","method":"GET","path":"/api/disponibilidad/mes?anio=2026&mes=4","responseTimeMs":4,"service":"backend","status":200,"timestamp":"2026-02-27T17:08:16.633-06:00","userAgent":"curl/8.5.0","userId":null}
{"context":{"anio":2026,"mes":8},"correlationId":"req-9ec5ee94-67e2-43f5-8e69-cf7e67aa7d95","env":"development","level":"info","message":"Calendario consultado","service":"backend","timestamp":"2026-02-27T17:08:16.634-06:00"}
{"correlationId":"req-9ec5ee94-67e2-43f5-8e69-cf7e67aa7d95","env":"development","level":"info","message":"Request completado","method":"GET","path":"/api/disponibilidad/mes?anio=2026&mes=8","responseTimeMs":3,"service":"backend","status":200,"timestamp":"2026-02-27T17:08:16.634-06:00","userAgent":"curl/8.5.0","userId":null}
{"context":{"anio":2026,"mes":1},"correlationId":"req-63876ad9-80a9-43c7-ae51-54d1d3823016","env":"development","level":"info","message":"Calendario consultado","service":"backend","timestamp":"2026-02-27T17:08:16.635-06:00"}
{"correlationId":"req-63876ad9-80a9-43c7-ae51-54d1d3823016","env":"development","level":"info","message":"Request completado","method":"GET","path":"/api/disponibilidad/mes?anio=2026&mes=1","responseTimeMs":3,"service":"backend","status":200,"timestamp":"2026-02-27T17:08:16.635-06:00","userAgent":"curl/8.5.0","userId":null}
{"context":{"anio":2026,"mes":7},"correlationId":"req-e6a49873-c9f5-453e-ab7f-2acd8bd4b7c6","env":"development","level":"info","message":"Calendario consultado","service":"backend","timestamp":"2026-02-27T17:08:16.636-06:00"}
{"correlationId":"req-e6a49873-c9f5-453e-ab7f-2acd8bd4b7c6","env":"development","level":"info","message":"Request completado","method":"GET","path":"/api/disponibilidad/mes?anio=2026&mes=7","responseTimeMs":3,"service":"backend","status":200,"timestamp":"2026-02-27T17:08:16.636-06:00","userAgent":"curl/8.5.0","userId":null}
{"context":{"total":5},"correlationId":"req-a8f1fbf7-c22c-44c3-abcd-4c36d7907928","env":"development","level":"info","message":"Categorias consultadas","service":"backend","timestamp":"2026-02-27T17:08:17.146-06:00"}
{"correlationId":"req-a8f1fbf7-c22c-44c3-abcd-4c36d7907928","env":"development","level":"info","message":"Request completado","method":"GET","path":"/api/categorias","responseTimeMs":3,"service":"backend","status":200,"timestamp":"2026-02-27T17:08:17.147-06:00","userAgent":"curl/8.5.0","userId":null}
{"correlationId":"req-6355482a-7680-4f98-8c3a-07409ae5e089","env":"development","level":"info","message":"Request completado","method":"GET","path":"/api/admin/cotizaciones","responseTimeMs":6,"service":"backend","status":200,"timestamp":"2026-02-27T17:08:17.149-06:00","userAgent":"curl/8.5.0","userId":"699e32fc04596633b72aeb40"}
{"context":{"total":5},"correlationId":"req-00a3467a-d383-4a88-8b7d-a6bb7b612eb2","env":"development","level":"info","message":"Categorias consultadas","service":"backend","timestamp":"2026-02-27T17:08:17.150-06:00"}
{"correlationId":"req-00a3467a-d383-4a88-8b7d-a6bb7b612eb2","env":"development","level":"info","message":"Request completado","method":"GET","path":"/api/categorias","responseTimeMs":5,"service":"backend","status":200,"timestamp":"2026-02-27T17:08:17.150-06:00","userAgent":"curl/8.5.0","userId":null}
{"context":{"buscar":null,"categoria":"todas","total":57},"correlationId":"req-1e884ee1-301a-479a-aced-7c1a4d2a669c","env":"development","level":"info","message":"Servicios consultados","service":"backend","timestamp":"2026-02-27T17:08:17.156-06:00"}
{"correlationId":"req-1e884ee1-301a-479a-aced-7c1a4d2a669c","env":"development","level":"info","message":"Request completado","method":"GET","path":"/api/servicios","responseTimeMs":10,"service":"backend","status":200,"timestamp":"2026-02-27T17:08:17.157-06:00","userAgent":"curl/8.5.0","userId":null}
{"correlationId":"req-2bc88fe9-5e34-41a0-ab97-670c34109c9b","env":"development","level":"info","message":"Request completado","method":"GET","path":"/api/admin/cotizaciones","responseTimeMs":13,"service":"backend","status":200,"timestamp":"2026-02-27T17:08:17.163-06:00","userAgent":"curl/8.5.0","userId":"699e32fc04596633b72aeb40"}
{"context":{"buscar":null,"categoria":"todas","total":57},"correlationId":"req-48d067d8-e774-4c9c-92ff-f9a7467e18a6","env":"development","level":"info","message":"Servicios consultados","service":"backend","timestamp":"2026-02-27T17:08:17.163-06:00"}
{"correlationId":"req-48d067d8-e774-4c9c-92ff-f9a7467e18a6","env":"development","level":"info","message":"Request completado","method":"GET","path":"/api/servicios","responseTimeMs":10,"service":"backend","status":200,"timestamp":"2026-02-27T17:08:17.164-06:00","userAgent":"curl/8.5.0","userId":null}
{"context":{"buscar":null,"categoria":"todas","total":57},"correlationId":"req-682af71e-f678-4fa8-b95a-1ee896b6839d","env":"development","level":"info","message":"Servicios consultados","service":"backend","timestamp":"2026-02-27T17:08:17.168-06:00"}
{"correlationId":"req-682af71e-f678-4fa8-b95a-1ee896b6839d","env":"development","level":"info","message":"Request completado","method":"GET","path":"/api/servicios","responseTimeMs":8,"service":"backend","status":200,"timestamp":"2026-02-27T17:08:17.169-06:00","userAgent":"curl/8.5.0","userId":null}
{"context":{"total":5},"correlationId":"req-2392175e-381f-4c3d-a1f4-3c6755e0fe5c","env":"development","level":"info","message":"Categorias consultadas","service":"backend","timestamp":"2026-02-27T17:08:17.170-06:00"}
{"correlationId":"req-2392175e-381f-4c3d-a1f4-3c6755e0fe5c","env":"development","level":"info","message":"Request completado","method":"GET","path":"/api/categorias","responseTimeMs":5,"service":"backend","status":200,"timestamp":"2026-02-27T17:08:17.170-06:00","userAgent":"curl/8.5.0","userId":null}
{"correlationId":"req-c397f174-a241-4deb-a1e6-e8dacf62cd86","env":"development","level":"info","message":"Request completado","method":"GET","path":"/api/admin/cotizaciones","responseTimeMs":14,"service":"backend","status":200,"timestamp":"2026-02-27T17:08:17.172-06:00","userAgent":"curl/8.5.0","userId":"699e32fc04596633b72aeb40"}
{"correlationId":"req-efff49a4-48c1-407b-8dd7-2dd73fa43513","env":"development","level":"info","message":"Request completado","method":"GET","path":"/api/admin/cotizaciones","responseTimeMs":10,"service":"backend","status":200,"timestamp":"2026-02-27T17:08:17.178-06:00","userAgent":"curl/8.5.0","userId":"699e32fc04596633b72aeb40"}
{"context":{"buscar":null,"categoria":"todas","total":57},"correlationId":"req-e6a9735d-f540-4d5f-9090-2a96221d9c3a","env":"development","level":"info","message":"Servicios consultados","service":"backend","timestamp":"2026-02-27T17:08:17.178-06:00"}
{"correlationId":"req-e6a9735d-f540-4d5f-9090-2a96221d9c3a","env":"development","level":"info","message":"Request completado","method":"GET","path":"/api/servicios","responseTimeMs":9,"service":"backend","status":200,"timestamp":"2026-02-27T17:08:17.179-06:00","userAgent":"curl/8.5.0","userId":null}
{"context":{"total":5},"correlationId":"req-2f95a0b2-7eed-48de-bfda-8bd4cb4d33a2","env":"development","level":"info","message":"Categorias consultadas","service":"backend","timestamp":"2026-02-27T17:08:17.179-06:00"}
{"correlationId":"req-2f95a0b2-7eed-48de-bfda-8bd4cb4d33a2","env":"development","level":"info","message":"Request completado","method":"GET","path":"/api/categorias","responseTimeMs":6,"service":"backend","status":200,"timestamp":"2026-02-27T17:08:17.179-06:00","userAgent":"curl/8.5.0","userId":null}
{"context":{"total":5},"correlationId":"req-cca4a527-653a-4999-94de-aabd1a2c013e","env":"development","level":"info","message":"Categorias consultadas","service":"backend","timestamp":"2026-02-27T17:08:17.180-06:00"}
{"correlationId":"req-cca4a527-653a-4999-94de-aabd1a2c013e","env":"development","level":"info","message":"Request completado","method":"GET","path":"/api/categorias","responseTimeMs":4,"service":"backend","status":200,"timestamp":"2026-02-27T17:08:17.180-06:00","userAgent":"curl/8.5.0","userId":null}
{"context":{"buscar":null,"categoria":"todas","total":57},"correlationId":"req-7e7f9f94-69e8-40bd-a937-27d67f8f95b1","env":"development","level":"info","message":"Servicios consultados","service":"backend","timestamp":"2026-02-27T17:08:17.184-06:00"}
{"correlationId":"req-7e7f9f94-69e8-40bd-a937-27d67f8f95b1","env":"development","level":"info","message":"Request completado","method":"GET","path":"/api/servicios","responseTimeMs":6,"service":"backend","status":200,"timestamp":"2026-02-27T17:08:17.185-06:00","userAgent":"curl/8.5.0","userId":null}
{"correlationId":"req-f546966b-2992-4249-8865-4f56a51262e0","env":"development","level":"info","message":"Request completado","method":"GET","path":"/api/admin/cotizaciones","responseTimeMs":7,"service":"backend","status":200,"timestamp":"2026-02-27T17:08:17.187-06:00","userAgent":"curl/8.5.0","userId":"699e32fc04596633b72aeb40"}
